*** Start analyzing build configuration ***
*** List of included argument files ***
    Build configuration file:  /home/student/jiwanicka/VDIC/.dvt/lab01.build
    -F /home/student/jiwanicka/VDIC/lab01/tb.f
        -F /home/student/jiwanicka/VDIC/lab01/dut.f
*** Done analyzing build configuration [5 ms] ***
Loaded compile waivers from /home/student/jiwanicka/VDIC/.dvt/waivers.xml for project VDIC

*** Start SystemVerilog build ***
*** Invocation #1***
Loading (1) /home/student/jiwanicka/VDIC/lab01/mtm_Alu.vp ...
Done /home/student/jiwanicka/VDIC/lab01/mtm_Alu.vp [19 ms, 474 lines, SystemVerilog_2012] ...
Loading (2) /home/student/jiwanicka/VDIC/lab01/alu_tb.sv ...
Done /home/student/jiwanicka/VDIC/lab01/alu_tb.sv [4 ms, 325 lines, SystemVerilog_2012] ...
*** Done invocation #1 [21 ms] ***
*** Done parsing [LT 15.0 ms, PT 21.0 ms] ***
*** Total number of lines [799] ***
Performing post full build actions ...
Performing post full build step 1 (SRI) [0 ms] ...
Performing post full build step 2 (RI) [0 ms] ...
Performing post full build step 3 (RCP) [0 ms] ...
*** Done SystemVerilog build [24 ms] ***

*** Start mixed mode extension build ***
Performing mixed post full build step 1 (Verilog - RI) [0 ms] ...
Performing mixed post full build step 2 (Verilog - RC) [0 ms] ...
Performing mixed post full build step 3 (Verilog - RPC) [1 ms] ...
Performing mixed post full build step 4 (Verilog - RD) [0 ms] ...
Performing mixed post full build step 5 (Verilog - FSC) [51 ms] ...
Performing mixed post full build step 6 (Verilog - EV) [51 ms] ...
Performing mixed post full build step 7 (Verilog - US) [50 ms] ...
*** Done mixed mode extension build [212 ms] ***
*** Start adding/validating the DVT Auto-Linked resources ***
*** Done adding/validating the DVT Auto-Linked resources [1 ms] ***
*** Total build time [246 ms] ***
Waiver 'Disable by message' defined in '/home/student/jiwanicka/VDIC/.dvt/waivers.xml' at line 4 applied to 0 problems
Waiver 'Demote by path' defined in '/home/student/jiwanicka/VDIC/.dvt/waivers.xml' at line 8 applied to 0 problems
Waiver 'Promote by path OR message' defined in '/home/student/jiwanicka/VDIC/.dvt/waivers.xml' at line 12 applied to 0 problems
Waiver 'Disable by path AND message' defined in '/home/student/jiwanicka/VDIC/.dvt/waivers.xml' at line 17 applied to 0 problems
Waiver '_IMPLICIT_PORT_CONNECTION' defined in '/home/student/jiwanicka/VDIC/.dvt/waivers.xml' at line 21 applied to 0 problems
Loaded compile waivers from /home/student/jiwanicka/VDIC/.dvt/waivers.xml for project VDIC
