xrun: 19.09-s003: (c) Copyright 1995-2019 Cadence Design Systems, Inc.
TOOL:	xrun	19.09-s003: Started on Nov 04, 2021 at 14:24:09 CET
xrun
	+elaborate
	+sv
	-f /home/student/jiwanicka/VDIC/.dvt/lab02.build
		-F lab02/tb.f
			-F lab02/dut.f
				mtm_Alu.vp
			alu_tb.sv
file: lab02/mtm_Alu.vp
	module worklib.mtm_Alu:vp
		errors: 0, warnings: 0
		errors: 0, warnings: 0
		errors: 0, warnings: 0
		errors: 0, warnings: 0
file: lab02/alu_tb.sv
	module worklib.top:sv
		errors: 0, warnings: 0
		Caching library 'worklib' ....... Done
	Elaborating the design hierarchy:
	Top level design units:
		top
xmelab: *W,DSEMEL: This SystemVerilog design will be simulated as per IEEE 1800-2009 SystemVerilog simulation semantics. Use -disable_sem2009 option for turning off SV 2009 simulation semantics.
	Building instance overlay tables: .................... Done
	Generating native compiled code:
			streams:   7, words:  3942
			streams:   9, words: 25571
			streams:   7, words:  3261
		worklib.top:sv <0x045e117f>
			streams:  22, words: 56423
	Building instance specific data structures.
	Loading native compiled code:     .................... Done
	Design hierarchy summary:
		                 Instances  Unique
		Modules:                 5       5
		Registers:             109     109
		Scalar wires:            7       -
		Vectored wires:          2       -
		Always blocks:          13      13
		Initial blocks:          4       4
		Pseudo assignments:      1       1
		Assertions:              2       2
		Covergroup Instances:    0       3
		Simulation timescale:  1ps
	Writing initial simulation snapshot: worklib.top:sv
TOOL:	xrun	19.09-s003: Exiting on Nov 04, 2021 at 14:24:09 CET  (total: 00:00:00)
