xrun: 19.09-s003: (c) Copyright 1995-2019 Cadence Design Systems, Inc.
TOOL:	xrun	19.09-s003: Started on Oct 14, 2021 at 14:28:18 CEST
xrun
	-f sv.f
		counter.sv
	-linedebug
	-debug
	-gui
xrun: *W,BADPRF: The -linedebug option may have an adverse performance impact.
INCLUDE $PDK_DIR/cds/cds.lib
|
xrun: *W,DLCVAR (/student/jiwanicka/cds.lib,1): cds.lib Invalid environment variable ''.
INCLUDE $PDK_DIR/cds/cds.lib
|
xrun: *W,DLCVAR (/home/student/jiwanicka/cds.lib,1): cds.lib Invalid environment variable ''.
INCLUDE $PDK_DIR/cds/cds.lib
|
xrun: *W,DLCVAR (/home/student/jiwanicka/cds.lib,1): cds.lib Invalid environment variable ''.
INCLUDE $PDK_DIR/cds/cds.lib
|
xrun: *W,DLCVAR (/student/jiwanicka/cds.lib,1): cds.lib Invalid environment variable ''.
INCLUDE $PDK_DIR/cds/cds.lib
|
xrun: *W,DLCVAR (/student/jiwanicka/cds.lib,1): cds.lib Invalid environment variable ''.
INCLUDE $PDK_DIR/cds/cds.lib
|
xrun: *W,DLCVAR (/student/jiwanicka/cds.lib,1): cds.lib Invalid environment variable ''.
INCLUDE $PDK_DIR/cds/cds.lib
|
xmsim: *W,DLCVAR (/student/jiwanicka/cds.lib,1): cds.lib Invalid environment variable ''.
xmsim: *W,DSEM2009: This SystemVerilog design is simulated as per IEEE 1800-2009 SystemVerilog simulation semantics. Use -disable_sem2009 option for turning off SV 2009 simulation semantics.

-------------------------------------
Relinquished control to SimVision...
xcelium> 
xcelium> source /cad/XCELIUM1909/tools/xcelium/files/xmsimrc
xcelium> ^C
xcelium> exit
TOOL:	xrun	19.09-s003: Exiting on Oct 14, 2021 at 14:28:41 CEST  (total: 00:00:23)
