TOOL:	xrun	19.09-s003: Started on Oct 28, 2021 at 02:37:17 CEST
xrun
	-F tb.f
		-F ./dut.f
			mtm_Alu.vp
		alu_tb.sv
	-v93
	+nowarnDSEM2009
	+nowarnDSEMEL
	+nowarnCGDEFN
	-xmlibdirname INCA_libs_gui
	+access+r
	+gui
	+overwrite
	-nocopyright
	-l xrun_gui.log
	-s
Recompiling... reason: file './alu_tb.sv' is newer than expected.
	expected: Thu Oct 28 02:28:57 2021
	actual:   Thu Oct 28 02:37:06 2021
file: ./alu_tb.sv
	module worklib.top:sv
		errors: 0, warnings: 0
		Caching library 'worklib' ....... Done
	Elaborating the design hierarchy:
	Top level design units:
		top
	Building instance overlay tables: .................... Done
	Generating native compiled code:
		worklib.top:sv <0x37678644>
			streams:  14, words: 63097
	Building instance specific data structures.
	Loading native compiled code:     .................... Done
	Design hierarchy summary:
		                 Instances  Unique
		Modules:                 5       5
		Registers:             103     103
		Scalar wires:            7       -
		Vectored wires:          2       -
		Always blocks:          12      12
		Initial blocks:          3       3
		Pseudo assignments:      1       1
		Simulation timescale:  1ps
	Writing initial simulation snapshot: worklib.top:sv
xcelium> 
xcelium> source /cad/XCELIUM1909/tools/xcelium/files/xmsimrc
xcelium> 
-------------------------------------
Relinquished control to SimVision...
# Restoring simulation environment...
xcelium> input -quiet .reinvoke.sim
xcelium> file delete .reinvoke.sim
xcelium> run
Test passed - CALC OK
Test passed - CALC OK
Test passed - ERROR OP CODE
Test passed - ERROR CRC
Test passed - CALC OK
Test passed - CALC OK
Test passed - CALC OK
Test passed - CALC OK
Test passed - ERROR OP CODE
Test passed - CALC OK
Test passed - CALC OK
Test passed - CALC OK
Test passed - CALC OK
Test passed - CALC OK
Test passed - CALC OK
Test passed - CALC OK
Test passed - ERROR DATA
Test passed - CALC OK
Test passed - ERROR OP CODE
Test passed - ERROR CRC
Test passed - CALC OK
Test passed - CALC OK
Test passed - CALC OK
Test passed - ERROR CRC
Test passed - CALC OK
Test passed - CALC OK
Test passed - CALC OK
Test passed - CALC OK
Test passed - CALC OK
Test passed - CALC OK
Test passed - CALC OK
Test passed - CALC OK
Test passed - CALC OK
Test passed - CALC OK
Test passed - CALC OK
Test passed - CALC OK
Test passed - CALC OK
Test passed - CALC OK
Test passed - ERROR OP CODE
Test passed - ERROR DATA
Test passed - CALC OK
Test passed - CALC OK
Test passed - ERROR DATA
Test passed - CALC OK
Test passed - CALC OK
Test passed - CALC OK
Test passed - ERROR OP CODE
Test passed - ERROR OP CODE
Test passed - CALC OK
Test passed - CALC OK
Test passed - CALC OK
Test passed - CALC OK
Test passed - CALC OK
Test passed - CALC OK
Test passed - ERROR OP CODE
Test passed - CALC OK
Test passed - ERROR OP CODE
Test passed - ERROR DATA
Test passed - ERROR OP CODE
Test passed - ERROR OP CODE
Test passed - ERROR OP CODE
Test passed - CALC OK
Test passed - CALC OK
Test passed - CALC OK
Test passed - ERROR DATA
Test passed - CALC OK
Test passed - CALC OK
Test passed - ERROR OP CODE
Test passed - CALC OK
Test passed - ERROR OP CODE
Test passed - ERROR OP CODE
Test passed - CALC OK
Simulation complete via $finish(1) at time 236660 NS + 0
./alu_tb.sv:313     $finish;
xcelium> ^C
xcelium> exit
TOOL:	xrun	19.09-s003: Exiting on Oct 28, 2021 at 02:38:14 CEST  (total: 00:00:57)
