TOOL:	xrun	19.09-s003: Started on Nov 18, 2021 at 00:28:59 CET
xrun
	-compile
	-l xrun_compile.log
	-F tb.f
		-F ./dut.f
			mtm_Alu.vp
		alu_pkg.sv
		alu_bfm.sv
		tester.sv
		coverage.sv
		scoreboard.sv
		top.sv
	-v93
	+nowarnDSEM2009
	+nowarnDSEMEL
	+nowarnCGDEFN
	+nowarnCOVUTA
	-xmlibdirname INCA_libs
	+overwrite
	-nocopyright
	-coverage all
	-covoverwrite
	-covfile xrun_covfile.txt
file: ./mtm_Alu.vp
	module worklib.mtm_Alu:vp
		errors: 0, warnings: 0
		errors: 0, warnings: 0
		errors: 0, warnings: 0
		errors: 0, warnings: 0
file: ./alu_pkg.sv
	package worklib.alu_pkg:sv
		errors: 0, warnings: 0
file: ./alu_bfm.sv
	interface worklib.alu_bfm:sv
		errors: 0, warnings: 0
file: ./tester.sv
	module worklib.tester:sv
		errors: 0, warnings: 0
file: ./coverage.sv
	module worklib.coverage:sv
		errors: 0, warnings: 0
file: ./scoreboard.sv
	module worklib.scoreboard:sv
		errors: 0, warnings: 0
file: ./top.sv
	module worklib.top:sv
		errors: 0, warnings: 0
TOOL:	xrun	19.09-s003: Exiting on Nov 18, 2021 at 00:28:59 CET  (total: 00:00:00)
