TOOL:	xrun	19.09-s003: Started on Nov 18, 2021 at 00:28:59 CET
xrun
	-elaborate
	-l xrun_elaborate.log
	-F tb.f
		-F ./dut.f
			mtm_Alu.vp
		alu_pkg.sv
		alu_bfm.sv
		tester.sv
		coverage.sv
		scoreboard.sv
		top.sv
	-v93
	+nowarnDSEM2009
	+nowarnDSEMEL
	+nowarnCGDEFN
	+nowarnCOVUTA
	-xmlibdirname INCA_libs
	+overwrite
	-nocopyright
	-coverage all
	-covoverwrite
	-covfile xrun_covfile.txt
		Caching library 'worklib' ....... Done
	Elaborating the design hierarchy:
	Top level design units:
		alu_pkg
		top

	Extracting FSMs for coverage:
		worklib.tester
		worklib.coverage
		worklib.scoreboard
		worklib.mtm_Alu
		worklib.top
	Total FSMs extracted = 0
	Building instance overlay tables: .................... Done
	Enabling instrumentation for coverage types: block expression FSM toggle functional
	Generating native compiled code:
			streams:   7, words:  3972
			streams:   9, words: 25661
			streams:   7, words:  3321
		worklib.scoreboard:sv <0x715713f9>
			streams:   4, words:  5852
		worklib.coverage:sv <0x2316c1ec>
			streams:   7, words:  8486
		worklib.tester:sv <0x08522cfa>
			streams:   9, words: 57229
		worklib.top:sv <0x145e15bf>
			streams:   4, words:   742
		worklib.alu_bfm:sv <0x53aeb83e>
			streams:   6, words:  7609
	Building instance specific data structures.
	Performing constant object marking (COM) analysis.
	Loading native compiled code:     .................... Done
	Design hierarchy summary:
		                 Instances  Unique
		Modules:                 8       8
		Interfaces:              1       1
		Verilog packages:        1       1
		Registers:             122     122
		Scalar wires:            9       -
		Vectored wires:          2       -
		Always blocks:          13      13
		Initial blocks:          4       4
		Final blocks:            1       1
		Cont. assignments:       1       1
		Pseudo assignments:      4       4
		Assertions:              2       2
		Covergroup Instances:    0       3
		Simulation timescale:  1ps
	Writing initial simulation snapshot: worklib.top:sv
TOOL:	xrun	19.09-s003: Exiting on Nov 18, 2021 at 00:29:00 CET  (total: 00:00:01)
