TOOL:	xrun	19.09-s003: Started on Nov 21, 2021 at 20:21:57 CET
xrun
	-elaborate
	-l xrun_elaborate.log
	-F tb.f
		top.sv
	-v93
	+nowarnDSEM2009
	+nowarnDSEMEL
	+nowarnCGDEFN
	-xmlibdirname INCA_libs
	+overwrite
	-nocopyright
		Caching library 'worklib' ....... Done
	Elaborating the design hierarchy:
	Top level design units:
		$unit_0x64683678
		top
	Building instance overlay tables: .................... Done
	Generating native compiled code:
		worklib.top:sv <0x31f8fd14>
			streams:   1, words:  2555
		worklib.\$unit_0x64683678 :compilation_unit <0x390fddd7>
			streams:  35, words: 13241
		worklib.\$unit_0x64683678 :compilation_unit <0x57d40b54>
			streams:   7, words:  3062
		worklib.\$unit_0x64683678 :compilation_unit <0x25449656>
			streams:   7, words:  2836
		worklib.\$unit_0x64683678 :compilation_unit <0x36450657>
			streams:   7, words:  3096
		worklib.\$unit_0x64683678 :compilation_unit <0x6c8f0970>
			streams:  10, words:  2249
		worklib.\$unit_0x64683678 :compilation_unit <0x5d665f67>
			streams:   0, words:     0
	Building instance specific data structures.
	Loading native compiled code:     .................... Done
	Design hierarchy summary:
		                    Instances  Unique
		Modules:                    1       1
		Registers:                 69      55
		Initial blocks:             1       1
		Compilation units:          1       1
		SV Class declarations:      6       6
		SV Class specializations:   8       8
	Writing initial simulation snapshot: worklib.top:sv
TOOL:	xrun	19.09-s003: Exiting on Nov 21, 2021 at 20:21:59 CET  (total: 00:00:02)
